<?xml version="1.0" encoding="UTF-8"?>
<testng-results total="2" passed="2" failed="0" skipped="0">
  <reporter-output>
  </reporter-output>
  <suite started-at="2020-10-26T22:40:12Z" name="RestFulBooker_API_Testing_Automation" finished-at="2020-10-26T22:40:18Z" duration-ms="5725">
    <groups>
    </groups>
    <test started-at="2020-10-26T22:40:12Z" name="LoginTest" finished-at="2020-10-26T22:40:18Z" duration-ms="5725">
      <class name="com.restfulbooker.businessLogic.LoginTest">
        <test-method signature="invalidLoginTest(java.lang.reflect.Method)[pri:0, instance:com.restfulbooker.businessLogic.LoginTest@282003e1]" started-at="2020-10-26T17:40:12Z" name="invalidLoginTest" finished-at="2020-10-26T17:40:17Z" duration-ms="5268" status="PASS">
          <params>
            <param index="0">
              <value>
                <![CDATA[public void com.restfulbooker.businessLogic.LoginTest.invalidLoginTest(java.lang.reflect.Method)]]>
              </value>
            </param>
          </params>
          <reporter-output>
          </reporter-output>
        </test-method> <!-- invalidLoginTest -->
        <test-method signature="validLoginTest(java.lang.reflect.Method)[pri:0, instance:com.restfulbooker.businessLogic.LoginTest@282003e1]" started-at="2020-10-26T17:40:17Z" name="validLoginTest" finished-at="2020-10-26T17:40:18Z" duration-ms="420" status="PASS">
          <params>
            <param index="0">
              <value>
                <![CDATA[public void com.restfulbooker.businessLogic.LoginTest.validLoginTest(java.lang.reflect.Method)]]>
              </value>
            </param>
          </params>
          <reporter-output>
          </reporter-output>
        </test-method> <!-- validLoginTest -->
      </class> <!-- com.restfulbooker.businessLogic.LoginTest -->
    </test> <!-- LoginTest -->
  </suite> <!-- RestFulBooker_API_Testing_Automation -->
</testng-results>
